CHASM version 4.15
Simulation report file
Record of slope failures in terms of slope geometry; failure geometry; engineering times and costs
invest EC$	profile h	profile l	mesh h	mesh l	slope x[0]	slope y[0]	x[1]	y[1]	x[2]	y[2]	x[3]	y[3]	x[4]	y[4]	x[5]	y[5]	x[6]	y[6]	x[7]	y[7]	x[8]	y[8]	x[9]	y[9]	x[10]	y[10]	x[11]	y[11]	slope m[0]	slope c[0]	m[1]	c[1]	m[2]	c[2]	m[3]	c[3]	m[4]	c[4]	m[5]	c[5]	m[6]	c[6]	m[7]	c[7]	m[8]	c[8]	m[9]	c[9]	m[10]	c[10]	m[11]	c[11]	water m[0]	water c[0]	m[1]	c[1]	m[2]	c[2]	m[3]	c[3]	m[4]	c[4]	m[5]	c[5]	m[6]	c[6]	m[7]	c[7]	m[8]	c[8]	m[9]	c[9]	m[10]	c[10]	m[11]	c[11]	soil[0] m[0]	soil[0] c[0]	m[1]	c[1]	m[2]	c[2]	m[3]	c[3]	m[4]	c[4]	m[5]	c[5]	m[6]	c[6]	m[7]	c[7]	m[8]	c[8]	m[9]	c[9]	m[10]	c[10]	m[11]	c[11]	soil[1] m[0]	soil[1] c[0]	m[1]	c[1]	m[2]	c[2]	m[3]	c[3]	m[4]	c[4]	m[5]	c[5]	m[6]	c[6]	m[7]	c[7]	m[8]	c[8]	m[9]	c[9]	m[10]	c[10]	m[11]	c[11]	soil[2] m[0]	soil[2] c[0]	m[1]	c[1]	m[2]	c[2]	m[3]	c[3]	m[4]	c[4]	m[5]	c[5]	m[6]	c[6]	m[7]	c[7]	m[8]	c[8]	m[9]	c[9]	m[10]	c[10]	m[11]	c[11]	slope area	stoch Ks soil[0]	stoch c' soil[0]	stoch phi' soil[0]	Ks[1]	c'[1]	phi'[1]	Ks[2]	c'[2]	phi'[2]	nb_eco	nb_scenario	hour	FOS	x centre	y centre	radius	intersection x[0]	intersection y[0]	x[1]	y[1]	x[2]	y[2]	x[3]	y[3]	failure type	crest x	crest y	toe x	toe y	H[0]	H[1]	D[0]	D[1]	A[0]	A[1]	R[0]	R[1]	H4[0]	H4[1]	cut angle 1	cut angle 2	failed area	changed area	failed vol	cut vol	clear time	clear cost	cut time	cut cost	total time	total cost
	21.6231	23.895	28	29	0	28	2.9	26.6477	11.9631	22.4215	14.8748	14.4215	23.3748	14.4215	26.795	5.0246	29.1845	5.0246											-0.466308	28	-0.466308	28	-2.74748	55.2898	0	14.4215	-2.74748	78.6434	0	5.0246													-0.358389	16	-0.466308	16.313	-2.16809	36.6715	0	4.42152	-2.74748	68.6433	0	-4.9754													-1.11061	30.4417	-1.11061	30.4417	-1.11061	30.4417	-1.11061	30.4417	-1.11061	30.4417	-1.11061	30.4417													-1.11061	22.9417	-1.11061	22.9417	-1.11061	22.9417	-1.11061	22.9417	-1.11061	22.9417	-1.11061	22.9417																																					523.081	1	1	185	0.987802	21.83	24.44	12	9.87559	23.3949	14.7566	14.7463	15.2247	14.4215	24.0225	12.642	2	9.87559	23.3949	14.7566	14.7463	8.97341	10.7791	1.07552	1.61162	60.877	65.1185	3.76948	4.61836	1.90736	2.37691	49.6923	60.5609	12.3158	15.7951	123.158	34.7924	2.46317	1266.07	0.974187	935.219	3.43735	10309.6
	21.6231	23.895	28	29	0	28	2.9	26.6477	8.19952	24.1765	11.3795	18.542	14.8748	14.4215	23.3748	14.4215	26.795	5.0246	29.1845	5.0246									-0.466308	28	-0.466308	28	-1.77188	38.7051	-1.17884	31.9566	0	14.4215	-2.74748	78.6434	0	5.0246											-0.358389	16	-0.466308	16.313	-2.16809	36.6715	0	4.42152	-2.74748	68.6433	0	-4.9754	4.62428e-044	4.62428e-044											-1.11061	30.4417	-1.11061	30.4417	-1.11061	30.4417	-1.11061	30.4417	-1.11061	30.4417	-1.11061	30.4417	-1.11061	30.4417											-1.11061	22.9417	-1.11061	22.9417	-1.11061	22.9417	-1.11061	22.9417	-1.11061	22.9417	-1.11061	22.9417	-1.11061	22.9417																																			507.286
summary of costs:	prob	cost
	0.000547	10309.6
NEPV EC$:		10309.6

end of stochastic simulation 0

	21.6231	23.895	28	29	0	28	2.9	26.6477	11.9631	22.4215	14.8748	14.4215	23.3748	14.4215	26.795	5.0246	29.1845	5.0246											-0.466308	28	-0.466308	28	-2.74748	55.2898	0	14.4215	-2.74748	78.6434	0	5.0246													-0.358389	16	-0.466308	16.313	-2.16809	36.6715	0	4.42152	-2.74748	68.6433	0	-4.9754													-1.11061	30.4417	-1.11061	30.4417	-1.11061	30.4417	-1.11061	30.4417	-1.11061	30.4417	-1.11061	30.4417													-1.11061	22.9417	-1.11061	22.9417	-1.11061	22.9417	-1.11061	22.9417	-1.11061	22.9417	-1.11061	22.9417																																					523.081	1	1	121	0.886073	21.83	24.44	12	9.87559	23.3949	14.7566	14.7463	15.2247	14.4215	24.0225	12.642	2	9.87559	23.3949	14.7566	14.7463	8.97341	10.7791	1.07552	1.61162	60.877	65.1185	3.76948	4.61836	1.90736	2.37691	49.6923	60.5609	12.3158	15.7951	123.158	34.7924	2.46317	1266.07	0.974187	935.219	3.43735	10309.6
	21.6231	23.895	28	29	0	28	2.9	26.6477	8.19952	24.1765	11.3795	18.542	14.8748	14.4215	23.3748	14.4215	26.795	5.0246	29.1845	5.0246									-0.466308	28	-0.466308	28	-1.77188	38.7051	-1.17884	31.9566	0	14.4215	-2.74748	78.6434	0	5.0246											-0.358389	16	-0.466308	16.313	-2.16809	36.6715	0	4.42152	-2.74748	68.6433	0	-4.9754	4.62428e-044	4.62428e-044											-1.11061	30.4417	-1.11061	30.4417	-1.11061	30.4417	-1.11061	30.4417	-1.11061	30.4417	-1.11061	30.4417	-1.11061	30.4417											-1.11061	22.9417	-1.11061	22.9417	-1.11061	22.9417	-1.11061	22.9417	-1.11061	22.9417	-1.11061	22.9417	-1.11061	22.9417																																			507.286
summary of costs:	prob	cost
	0.000547	10309.6
NEPV EC$:		10309.6

end of stochastic simulation 1

	21.6231	23.895	28	29	0	28	2.9	26.6477	11.9631	22.4215	14.8748	14.4215	23.3748	14.4215	26.795	5.0246	29.1845	5.0246											-0.466308	28	-0.466308	28	-2.74748	55.2898	0	14.4215	-2.74748	78.6434	0	5.0246													-0.358389	16	-0.466308	16.313	-2.16809	36.6715	0	4.42152	-2.74748	68.6433	0	-4.9754													-1.11061	30.4417	-1.11061	30.4417	-1.11061	30.4417	-1.11061	30.4417	-1.11061	30.4417	-1.11061	30.4417													-1.11061	22.9417	-1.11061	22.9417	-1.11061	22.9417	-1.11061	22.9417	-1.11061	22.9417	-1.11061	22.9417																																					523.081	1	1	121	0.810191	21.83	24.44	12	9.87559	23.3949	14.7566	14.7463	15.2247	14.4215	24.0225	12.642	2	9.87559	23.3949	14.7566	14.7463	8.97341	10.7791	1.07552	1.61162	60.877	65.1185	3.76948	4.61836	1.90736	2.37691	49.6923	60.5609	12.3158	15.7951	123.158	34.7924	2.46317	1266.07	0.974187	935.219	3.43735	10309.6
	21.6231	23.895	28	29	0	28	2.9	26.6477	8.19952	24.1765	11.3795	18.542	14.8748	14.4215	23.3748	14.4215	26.795	5.0246	29.1845	5.0246									-0.466308	28	-0.466308	28	-1.77188	38.7051	-1.17884	31.9566	0	14.4215	-2.74748	78.6434	0	5.0246											-0.358389	16	-0.466308	16.313	-2.16809	36.6715	0	4.42152	-2.74748	68.6433	0	-4.9754	4.62428e-044	4.62428e-044											-1.11061	30.4417	-1.11061	30.4417	-1.11061	30.4417	-1.11061	30.4417	-1.11061	30.4417	-1.11061	30.4417	-1.11061	30.4417											-1.11061	22.9417	-1.11061	22.9417	-1.11061	22.9417	-1.11061	22.9417	-1.11061	22.9417	-1.11061	22.9417	-1.11061	22.9417																																			507.286
summary of costs:	prob	cost
	0.000547	10309.6
NEPV EC$:		10309.6

end of stochastic simulation 2

	21.6231	23.895	28	29	0	28	2.9	26.6477	11.9631	22.4215	14.8748	14.4215	23.3748	14.4215	26.795	5.0246	29.1845	5.0246											-0.466308	28	-0.466308	28	-2.74748	55.2898	0	14.4215	-2.74748	78.6434	0	5.0246													-0.358389	16	-0.466308	16.313	-2.16809	36.6715	0	4.42152	-2.74748	68.6433	0	-4.9754													-1.11061	30.4417	-1.11061	30.4417	-1.11061	30.4417	-1.11061	30.4417	-1.11061	30.4417	-1.11061	30.4417													-1.11061	22.9417	-1.11061	22.9417	-1.11061	22.9417	-1.11061	22.9417	-1.11061	22.9417	-1.11061	22.9417																																					523.081	1	1	121	0.755756	21.83	24.44	12	9.87559	23.3949	14.7566	14.7463	15.2247	14.4215	24.0225	12.642	2	9.87559	23.3949	14.7566	14.7463	8.97341	10.7791	1.07552	1.61162	60.877	65.1185	3.76948	4.61836	1.90736	2.37691	49.6923	60.5609	12.3158	15.7951	123.158	34.7924	2.46317	1266.07	0.974187	935.219	3.43735	10309.6
	21.6231	23.895	28	29	0	28	2.9	26.6477	8.19952	24.1765	11.3795	18.542	14.8748	14.4215	23.3748	14.4215	26.795	5.0246	29.1845	5.0246									-0.466308	28	-0.466308	28	-1.77188	38.7051	-1.17884	31.9566	0	14.4215	-2.74748	78.6434	0	5.0246											-0.358389	16	-0.466308	16.313	-2.16809	36.6715	0	4.42152	-2.74748	68.6433	0	-4.9754	4.62428e-044	4.62428e-044											-1.11061	30.4417	-1.11061	30.4417	-1.11061	30.4417	-1.11061	30.4417	-1.11061	30.4417	-1.11061	30.4417	-1.11061	30.4417											-1.11061	22.9417	-1.11061	22.9417	-1.11061	22.9417	-1.11061	22.9417	-1.11061	22.9417	-1.11061	22.9417	-1.11061	22.9417																																			507.286
summary of costs:	prob	cost
	0.000547	10309.6
NEPV EC$:		10309.6

end of stochastic simulation 3

	21.6231	23.895	28	29	0	28	2.9	26.6477	11.9631	22.4215	14.8748	14.4215	23.3748	14.4215	26.795	5.0246	29.1845	5.0246											-0.466308	28	-0.466308	28	-2.74748	55.2898	0	14.4215	-2.74748	78.6434	0	5.0246													-0.358389	16	-0.466308	16.313	-2.16809	36.6715	0	4.42152	-2.74748	68.6433	0	-4.9754													-1.11061	30.4417	-1.11061	30.4417	-1.11061	30.4417	-1.11061	30.4417	-1.11061	30.4417	-1.11061	30.4417													-1.11061	22.9417	-1.11061	22.9417	-1.11061	22.9417	-1.11061	22.9417	-1.11061	22.9417	-1.11061	22.9417																																					523.081
summary of costs:	prob	cost
NEPV EC$:		0

end of stochastic simulation 4

	21.6231	23.895	28	29	0	28	2.9	26.6477	11.9631	22.4215	14.8748	14.4215	23.3748	14.4215	26.795	5.0246	29.1845	5.0246											-0.466308	28	-0.466308	28	-2.74748	55.2898	0	14.4215	-2.74748	78.6434	0	5.0246													-0.358389	16	-0.466308	16.313	-2.16809	36.6715	0	4.42152	-2.74748	68.6433	0	-4.9754													-1.11061	30.4417	-1.11061	30.4417	-1.11061	30.4417	-1.11061	30.4417	-1.11061	30.4417	-1.11061	30.4417													-1.11061	22.9417	-1.11061	22.9417	-1.11061	22.9417	-1.11061	22.9417	-1.11061	22.9417	-1.11061	22.9417																																					523.081	1	1	121	0.891151	21.83	24.44	12	9.87559	23.3949	14.7566	14.7463	15.2247	14.4215	24.0225	12.642	2	9.87559	23.3949	14.7566	14.7463	8.97341	10.7791	1.07552	1.61162	60.877	65.1185	3.76948	4.61836	1.90736	2.37691	49.6923	60.5609	12.3158	15.7951	123.158	34.7924	2.46317	1266.07	0.974187	935.219	3.43735	10309.6
	21.6231	23.895	28	29	0	28	2.9	26.6477	8.19952	24.1765	11.3795	18.542	14.8748	14.4215	23.3748	14.4215	26.795	5.0246	29.1845	5.0246									-0.466308	28	-0.466308	28	-1.77188	38.7051	-1.17884	31.9566	0	14.4215	-2.74748	78.6434	0	5.0246											-0.358389	16	-0.466308	16.313	-2.16809	36.6715	0	4.42152	-2.74748	68.6433	0	-4.9754	4.62428e-044	4.62428e-044											-1.11061	30.4417	-1.11061	30.4417	-1.11061	30.4417	-1.11061	30.4417	-1.11061	30.4417	-1.11061	30.4417	-1.11061	30.4417											-1.11061	22.9417	-1.11061	22.9417	-1.11061	22.9417	-1.11061	22.9417	-1.11061	22.9417	-1.11061	22.9417	-1.11061	22.9417																																			507.286
summary of costs:	prob	cost
	0.000547	10309.6
NEPV EC$:		10309.6

end of stochastic simulation 5

	21.6231	23.895	28	29	0	28	2.9	26.6477	11.9631	22.4215	14.8748	14.4215	23.3748	14.4215	26.795	5.0246	29.1845	5.0246											-0.466308	28	-0.466308	28	-2.74748	55.2898	0	14.4215	-2.74748	78.6434	0	5.0246													-0.358389	16	-0.466308	16.313	-2.16809	36.6715	0	4.42152	-2.74748	68.6433	0	-4.9754													-1.11061	30.4417	-1.11061	30.4417	-1.11061	30.4417	-1.11061	30.4417	-1.11061	30.4417	-1.11061	30.4417													-1.11061	22.9417	-1.11061	22.9417	-1.11061	22.9417	-1.11061	22.9417	-1.11061	22.9417	-1.11061	22.9417																																					523.081
summary of costs:	prob	cost
NEPV EC$:		0

end of stochastic simulation 6

	21.6231	23.895	28	29	0	28	2.9	26.6477	11.9631	22.4215	14.8748	14.4215	23.3748	14.4215	26.795	5.0246	29.1845	5.0246											-0.466308	28	-0.466308	28	-2.74748	55.2898	0	14.4215	-2.74748	78.6434	0	5.0246													-0.358389	16	-0.466308	16.313	-2.16809	36.6715	0	4.42152	-2.74748	68.6433	0	-4.9754													-1.11061	30.4417	-1.11061	30.4417	-1.11061	30.4417	-1.11061	30.4417	-1.11061	30.4417	-1.11061	30.4417													-1.11061	22.9417	-1.11061	22.9417	-1.11061	22.9417	-1.11061	22.9417	-1.11061	22.9417	-1.11061	22.9417																																					523.081	1	1	180	0.995513	21.83	24.44	12	9.87559	23.3949	14.7566	14.7463	15.2247	14.4215	24.0225	12.642	2	9.87559	23.3949	14.7566	14.7463	8.97341	10.7791	1.07552	1.61162	60.877	65.1185	3.76948	4.61836	1.90736	2.37691	49.6923	60.5609	12.3158	15.7951	123.158	34.7924	2.46317	1266.07	0.974187	935.219	3.43735	10309.6
	21.6231	23.895	28	29	0	28	2.9	26.6477	8.19952	24.1765	11.3795	18.542	14.8748	14.4215	23.3748	14.4215	26.795	5.0246	29.1845	5.0246									-0.466308	28	-0.466308	28	-1.77188	38.7051	-1.17884	31.9566	0	14.4215	-2.74748	78.6434	0	5.0246											-0.358389	16	-0.466308	16.313	-2.16809	36.6715	0	4.42152	-2.74748	68.6433	0	-4.9754	4.62428e-044	4.62428e-044											-1.11061	30.4417	-1.11061	30.4417	-1.11061	30.4417	-1.11061	30.4417	-1.11061	30.4417	-1.11061	30.4417	-1.11061	30.4417											-1.11061	22.9417	-1.11061	22.9417	-1.11061	22.9417	-1.11061	22.9417	-1.11061	22.9417	-1.11061	22.9417	-1.11061	22.9417																																			507.286
summary of costs:	prob	cost
	0.000547	10309.6
NEPV EC$:		10309.6

end of stochastic simulation 7

	21.6231	23.895	28	29	0	28	2.9	26.6477	11.9631	22.4215	14.8748	14.4215	23.3748	14.4215	26.795	5.0246	29.1845	5.0246											-0.466308	28	-0.466308	28	-2.74748	55.2898	0	14.4215	-2.74748	78.6434	0	5.0246													-0.358389	16	-0.466308	16.313	-2.16809	36.6715	0	4.42152	-2.74748	68.6433	0	-4.9754													-1.11061	30.4417	-1.11061	30.4417	-1.11061	30.4417	-1.11061	30.4417	-1.11061	30.4417	-1.11061	30.4417													-1.11061	22.9417	-1.11061	22.9417	-1.11061	22.9417	-1.11061	22.9417	-1.11061	22.9417	-1.11061	22.9417																																					523.081
summary of costs:	prob	cost
NEPV EC$:		0

end of stochastic simulation 8

	21.6231	23.895	28	29	0	28	2.9	26.6477	11.9631	22.4215	14.8748	14.4215	23.3748	14.4215	26.795	5.0246	29.1845	5.0246											-0.466308	28	-0.466308	28	-2.74748	55.2898	0	14.4215	-2.74748	78.6434	0	5.0246													-0.358389	16	-0.466308	16.313	-2.16809	36.6715	0	4.42152	-2.74748	68.6433	0	-4.9754													-1.11061	30.4417	-1.11061	30.4417	-1.11061	30.4417	-1.11061	30.4417	-1.11061	30.4417	-1.11061	30.4417													-1.11061	22.9417	-1.11061	22.9417	-1.11061	22.9417	-1.11061	22.9417	-1.11061	22.9417	-1.11061	22.9417																																					523.081	1	1	182	0.985019	21.83	24.44	12	9.87559	23.3949	14.7566	14.7463	15.2247	14.4215	24.0225	12.642	2	9.87559	23.3949	14.7566	14.7463	8.97341	10.7791	1.07552	1.61162	60.877	65.1185	3.76948	4.61836	1.90736	2.37691	49.6923	60.5609	12.3158	15.7951	123.158	34.7924	2.46317	1266.07	0.974187	935.219	3.43735	10309.6
	21.6231	23.895	28	29	0	28	2.9	26.6477	8.19952	24.1765	11.3795	18.542	14.8748	14.4215	23.3748	14.4215	26.795	5.0246	29.1845	5.0246									-0.466308	28	-0.466308	28	-1.77188	38.7051	-1.17884	31.9566	0	14.4215	-2.74748	78.6434	0	5.0246											-0.358389	16	-0.466308	16.313	-2.16809	36.6715	0	4.42152	-2.74748	68.6433	0	-4.9754	4.62428e-044	4.62428e-044											-1.11061	30.4417	-1.11061	30.4417	-1.11061	30.4417	-1.11061	30.4417	-1.11061	30.4417	-1.11061	30.4417	-1.11061	30.4417											-1.11061	22.9417	-1.11061	22.9417	-1.11061	22.9417	-1.11061	22.9417	-1.11061	22.9417	-1.11061	22.9417	-1.11061	22.9417																																			507.286
summary of costs:	prob	cost
	0.000547	10309.6
NEPV EC$:		10309.6

end of stochastic simulation 9

	21.6231	23.895	28	29	0	28	2.9	26.6477	11.9631	22.4215	14.8748	14.4215	23.3748	14.4215	26.795	5.0246	29.1845	5.0246											-0.466308	28	-0.466308	28	-2.74748	55.2898	0	14.4215	-2.74748	78.6434	0	5.0246													-0.358389	16	-0.466308	16.313	-2.16809	36.6715	0	4.42152	-2.74748	68.6433	0	-4.9754													-1.11061	30.4417	-1.11061	30.4417	-1.11061	30.4417	-1.11061	30.4417	-1.11061	30.4417	-1.11061	30.4417													-1.11061	22.9417	-1.11061	22.9417	-1.11061	22.9417	-1.11061	22.9417	-1.11061	22.9417	-1.11061	22.9417																																					523.081
summary of costs:	prob	cost
NEPV EC$:		0

end of stochastic simulation 10

	21.6231	23.895	28	29	0	28	2.9	26.6477	11.9631	22.4215	14.8748	14.4215	23.3748	14.4215	26.795	5.0246	29.1845	5.0246											-0.466308	28	-0.466308	28	-2.74748	55.2898	0	14.4215	-2.74748	78.6434	0	5.0246													-0.358389	16	-0.466308	16.313	-2.16809	36.6715	0	4.42152	-2.74748	68.6433	0	-4.9754													-1.11061	30.4417	-1.11061	30.4417	-1.11061	30.4417	-1.11061	30.4417	-1.11061	30.4417	-1.11061	30.4417													-1.11061	22.9417	-1.11061	22.9417	-1.11061	22.9417	-1.11061	22.9417	-1.11061	22.9417	-1.11061	22.9417																																					523.081	1	1	121	0.56173	21.83	24.44	12	9.87559	23.3949	14.7566	14.7463	15.2247	14.4215	24.0225	12.642	2	9.87559	23.3949	14.7566	14.7463	8.97341	10.7791	1.07552	1.61162	60.877	65.1185	3.76948	4.61836	1.90736	2.37691	49.6923	60.5609	12.3158	15.7951	123.158	34.7924	2.46317	1266.07	0.974187	935.219	3.43735	10309.6
	21.6231	23.895	28	29	0	28	2.9	26.6477	8.19952	24.1765	11.3795	18.542	14.8748	14.4215	23.3748	14.4215	26.795	5.0246	29.1845	5.0246									-0.466308	28	-0.466308	28	-1.77188	38.7051	-1.17884	31.9566	0	14.4215	-2.74748	78.6434	0	5.0246											-0.358389	16	-0.466308	16.313	-2.16809	36.6715	0	4.42152	-2.74748	68.6433	0	-4.9754	4.62428e-044	4.62428e-044											-1.11061	30.4417	-1.11061	30.4417	-1.11061	30.4417	-1.11061	30.4417	-1.11061	30.4417	-1.11061	30.4417	-1.11061	30.4417											-1.11061	22.9417	-1.11061	22.9417	-1.11061	22.9417	-1.11061	22.9417	-1.11061	22.9417	-1.11061	22.9417	-1.11061	22.9417																																			507.286
summary of costs:	prob	cost
	0.000547	10309.6
NEPV EC$:		10309.6

end of stochastic simulation 11

	21.6231	23.895	28	29	0	28	2.9	26.6477	11.9631	22.4215	14.8748	14.4215	23.3748	14.4215	26.795	5.0246	29.1845	5.0246											-0.466308	28	-0.466308	28	-2.74748	55.2898	0	14.4215	-2.74748	78.6434	0	5.0246													-0.358389	16	-0.466308	16.313	-2.16809	36.6715	0	4.42152	-2.74748	68.6433	0	-4.9754													-1.11061	30.4417	-1.11061	30.4417	-1.11061	30.4417	-1.11061	30.4417	-1.11061	30.4417	-1.11061	30.4417													-1.11061	22.9417	-1.11061	22.9417	-1.11061	22.9417	-1.11061	22.9417	-1.11061	22.9417	-1.11061	22.9417																																					523.081
summary of costs:	prob	cost
NEPV EC$:		0

end of stochastic simulation 12

	21.6231	23.895	28	29	0	28	2.9	26.6477	11.9631	22.4215	14.8748	14.4215	23.3748	14.4215	26.795	5.0246	29.1845	5.0246											-0.466308	28	-0.466308	28	-2.74748	55.2898	0	14.4215	-2.74748	78.6434	0	5.0246													-0.358389	16	-0.466308	16.313	-2.16809	36.6715	0	4.42152	-2.74748	68.6433	0	-4.9754													-1.11061	30.4417	-1.11061	30.4417	-1.11061	30.4417	-1.11061	30.4417	-1.11061	30.4417	-1.11061	30.4417													-1.11061	22.9417	-1.11061	22.9417	-1.11061	22.9417	-1.11061	22.9417	-1.11061	22.9417	-1.11061	22.9417																																					523.081	1	1	184	0.990788	21.83	24.44	12	9.87559	23.3949	14.7566	14.7463	15.2247	14.4215	24.0225	12.642	2	9.87559	23.3949	14.7566	14.7463	8.97341	10.7791	1.07552	1.61162	60.877	65.1185	3.76948	4.61836	1.90736	2.37691	49.6923	60.5609	12.3158	15.7951	123.158	34.7924	2.46317	1266.07	0.974187	935.219	3.43735	10309.6
	21.6231	23.895	28	29	0	28	2.9	26.6477	8.19952	24.1765	11.3795	18.542	14.8748	14.4215	23.3748	14.4215	26.795	5.0246	29.1845	5.0246									-0.466308	28	-0.466308	28	-1.77188	38.7051	-1.17884	31.9566	0	14.4215	-2.74748	78.6434	0	5.0246											-0.358389	16	-0.466308	16.313	-2.16809	36.6715	0	4.42152	-2.74748	68.6433	0	-4.9754	4.62428e-044	4.62428e-044											-1.11061	30.4417	-1.11061	30.4417	-1.11061	30.4417	-1.11061	30.4417	-1.11061	30.4417	-1.11061	30.4417	-1.11061	30.4417											-1.11061	22.9417	-1.11061	22.9417	-1.11061	22.9417	-1.11061	22.9417	-1.11061	22.9417	-1.11061	22.9417	-1.11061	22.9417																																			507.286
summary of costs:	prob	cost
	0.000547	10309.6
NEPV EC$:		10309.6

end of stochastic simulation 13

	21.6231	23.895	28	29	0	28	2.9	26.6477	11.9631	22.4215	14.8748	14.4215	23.3748	14.4215	26.795	5.0246	29.1845	5.0246											-0.466308	28	-0.466308	28	-2.74748	55.2898	0	14.4215	-2.74748	78.6434	0	5.0246													-0.358389	16	-0.466308	16.313	-2.16809	36.6715	0	4.42152	-2.74748	68.6433	0	-4.9754													-1.11061	30.4417	-1.11061	30.4417	-1.11061	30.4417	-1.11061	30.4417	-1.11061	30.4417	-1.11061	30.4417													-1.11061	22.9417	-1.11061	22.9417	-1.11061	22.9417	-1.11061	22.9417	-1.11061	22.9417	-1.11061	22.9417																																					523.081
summary of costs:	prob	cost
NEPV EC$:		0

end of stochastic simulation 14

	21.6231	23.895	28	29	0	28	2.9	26.6477	11.9631	22.4215	14.8748	14.4215	23.3748	14.4215	26.795	5.0246	29.1845	5.0246											-0.466308	28	-0.466308	28	-2.74748	55.2898	0	14.4215	-2.74748	78.6434	0	5.0246													-0.358389	16	-0.466308	16.313	-2.16809	36.6715	0	4.42152	-2.74748	68.6433	0	-4.9754													-1.11061	30.4417	-1.11061	30.4417	-1.11061	30.4417	-1.11061	30.4417	-1.11061	30.4417	-1.11061	30.4417													-1.11061	22.9417	-1.11061	22.9417	-1.11061	22.9417	-1.11061	22.9417	-1.11061	22.9417	-1.11061	22.9417																																					523.081
summary of costs:	prob	cost
NEPV EC$:		0

end of stochastic simulation 15

	21.6231	23.895	28	29	0	28	2.9	26.6477	11.9631	22.4215	14.8748	14.4215	23.3748	14.4215	26.795	5.0246	29.1845	5.0246											-0.466308	28	-0.466308	28	-2.74748	55.2898	0	14.4215	-2.74748	78.6434	0	5.0246													-0.358389	16	-0.466308	16.313	-2.16809	36.6715	0	4.42152	-2.74748	68.6433	0	-4.9754													-1.11061	30.4417	-1.11061	30.4417	-1.11061	30.4417	-1.11061	30.4417	-1.11061	30.4417	-1.11061	30.4417													-1.11061	22.9417	-1.11061	22.9417	-1.11061	22.9417	-1.11061	22.9417	-1.11061	22.9417	-1.11061	22.9417																																					523.081
summary of costs:	prob	cost
NEPV EC$:		0

end of stochastic simulation 16

	21.6231	23.895	28	29	0	28	2.9	26.6477	11.9631	22.4215	14.8748	14.4215	23.3748	14.4215	26.795	5.0246	29.1845	5.0246											-0.466308	28	-0.466308	28	-2.74748	55.2898	0	14.4215	-2.74748	78.6434	0	5.0246													-0.358389	16	-0.466308	16.313	-2.16809	36.6715	0	4.42152	-2.74748	68.6433	0	-4.9754													-1.11061	30.4417	-1.11061	30.4417	-1.11061	30.4417	-1.11061	30.4417	-1.11061	30.4417	-1.11061	30.4417													-1.11061	22.9417	-1.11061	22.9417	-1.11061	22.9417	-1.11061	22.9417	-1.11061	22.9417	-1.11061	22.9417																																					523.081
summary of costs:	prob	cost
NEPV EC$:		0

end of stochastic simulation 17

	21.6231	23.895	28	29	0	28	2.9	26.6477	11.9631	22.4215	14.8748	14.4215	23.3748	14.4215	26.795	5.0246	29.1845	5.0246											-0.466308	28	-0.466308	28	-2.74748	55.2898	0	14.4215	-2.74748	78.6434	0	5.0246													-0.358389	16	-0.466308	16.313	-2.16809	36.6715	0	4.42152	-2.74748	68.6433	0	-4.9754													-1.11061	30.4417	-1.11061	30.4417	-1.11061	30.4417	-1.11061	30.4417	-1.11061	30.4417	-1.11061	30.4417													-1.11061	22.9417	-1.11061	22.9417	-1.11061	22.9417	-1.11061	22.9417	-1.11061	22.9417	-1.11061	22.9417																																					523.081
summary of costs:	prob	cost
NEPV EC$:		0

end of stochastic simulation 18

	21.6231	23.895	28	29	0	28	2.9	26.6477	11.9631	22.4215	14.8748	14.4215	23.3748	14.4215	26.795	5.0246	29.1845	5.0246											-0.466308	28	-0.466308	28	-2.74748	55.2898	0	14.4215	-2.74748	78.6434	0	5.0246													-0.358389	16	-0.466308	16.313	-2.16809	36.6715	0	4.42152	-2.74748	68.6433	0	-4.9754													-1.11061	30.4417	-1.11061	30.4417	-1.11061	30.4417	-1.11061	30.4417	-1.11061	30.4417	-1.11061	30.4417													-1.11061	22.9417	-1.11061	22.9417	-1.11061	22.9417	-1.11061	22.9417	-1.11061	22.9417	-1.11061	22.9417																																					523.081
summary of costs:	prob	cost
NEPV EC$:		0

end of stochastic simulation 19

	21.6231	23.895	28	29	0	28	2.9	26.6477	11.9631	22.4215	14.8748	14.4215	23.3748	14.4215	26.795	5.0246	29.1845	5.0246											-0.466308	28	-0.466308	28	-2.74748	55.2898	0	14.4215	-2.74748	78.6434	0	5.0246													-0.358389	16	-0.466308	16.313	-2.16809	36.6715	0	4.42152	-2.74748	68.6433	0	-4.9754													-1.11061	30.4417	-1.11061	30.4417	-1.11061	30.4417	-1.11061	30.4417	-1.11061	30.4417	-1.11061	30.4417													-1.11061	22.9417	-1.11061	22.9417	-1.11061	22.9417	-1.11061	22.9417	-1.11061	22.9417	-1.11061	22.9417																																					523.081
summary of costs:	prob	cost
NEPV EC$:		0

end of stochastic simulation 20

	21.6231	23.895	28	29	0	28	2.9	26.6477	11.9631	22.4215	14.8748	14.4215	23.3748	14.4215	26.795	5.0246	29.1845	5.0246											-0.466308	28	-0.466308	28	-2.74748	55.2898	0	14.4215	-2.74748	78.6434	0	5.0246													-0.358389	16	-0.466308	16.313	-2.16809	36.6715	0	4.42152	-2.74748	68.6433	0	-4.9754													-1.11061	30.4417	-1.11061	30.4417	-1.11061	30.4417	-1.11061	30.4417	-1.11061	30.4417	-1.11061	30.4417													-1.11061	22.9417	-1.11061	22.9417	-1.11061	22.9417	-1.11061	22.9417	-1.11061	22.9417	-1.11061	22.9417																																					523.081
summary of costs:	prob	cost
NEPV EC$:		0

end of stochastic simulation 21

	21.6231	23.895	28	29	0	28	2.9	26.6477	11.9631	22.4215	14.8748	14.4215	23.3748	14.4215	26.795	5.0246	29.1845	5.0246											-0.466308	28	-0.466308	28	-2.74748	55.2898	0	14.4215	-2.74748	78.6434	0	5.0246													-0.358389	16	-0.466308	16.313	-2.16809	36.6715	0	4.42152	-2.74748	68.6433	0	-4.9754													-1.11061	30.4417	-1.11061	30.4417	-1.11061	30.4417	-1.11061	30.4417	-1.11061	30.4417	-1.11061	30.4417													-1.11061	22.9417	-1.11061	22.9417	-1.11061	22.9417	-1.11061	22.9417	-1.11061	22.9417	-1.11061	22.9417																																					523.081
summary of costs:	prob	cost
NEPV EC$:		0

end of stochastic simulation 22

	21.6231	23.895	28	29	0	28	2.9	26.6477	11.9631	22.4215	14.8748	14.4215	23.3748	14.4215	26.795	5.0246	29.1845	5.0246											-0.466308	28	-0.466308	28	-2.74748	55.2898	0	14.4215	-2.74748	78.6434	0	5.0246													-0.358389	16	-0.466308	16.313	-2.16809	36.6715	0	4.42152	-2.74748	68.6433	0	-4.9754													-1.11061	30.4417	-1.11061	30.4417	-1.11061	30.4417	-1.11061	30.4417	-1.11061	30.4417	-1.11061	30.4417													-1.11061	22.9417	-1.11061	22.9417	-1.11061	22.9417	-1.11061	22.9417	-1.11061	22.9417	-1.11061	22.9417																																					523.081
summary of costs:	prob	cost
NEPV EC$:		0

end of stochastic simulation 23

	21.6231	23.895	28	29	0	28	2.9	26.6477	11.9631	22.4215	14.8748	14.4215	23.3748	14.4215	26.795	5.0246	29.1845	5.0246											-0.466308	28	-0.466308	28	-2.74748	55.2898	0	14.4215	-2.74748	78.6434	0	5.0246													-0.358389	16	-0.466308	16.313	-2.16809	36.6715	0	4.42152	-2.74748	68.6433	0	-4.9754													-1.11061	30.4417	-1.11061	30.4417	-1.11061	30.4417	-1.11061	30.4417	-1.11061	30.4417	-1.11061	30.4417													-1.11061	22.9417	-1.11061	22.9417	-1.11061	22.9417	-1.11061	22.9417	-1.11061	22.9417	-1.11061	22.9417																																					523.081	1	1	121	0.836551	21.83	24.44	12	9.87559	23.3949	14.7566	14.7463	15.2247	14.4215	24.0225	12.642	2	9.87559	23.3949	14.7566	14.7463	8.97341	10.7791	1.07552	1.61162	60.877	65.1185	3.76948	4.61836	1.90736	2.37691	49.6923	60.5609	12.3158	15.7951	123.158	34.7924	2.46317	1266.07	0.974187	935.219	3.43735	10309.6
	21.6231	23.895	28	29	0	28	2.9	26.6477	8.19952	24.1765	11.3795	18.542	14.8748	14.4215	23.3748	14.4215	26.795	5.0246	29.1845	5.0246									-0.466308	28	-0.466308	28	-1.77188	38.7051	-1.17884	31.9566	0	14.4215	-2.74748	78.6434	0	5.0246											-0.358389	16	-0.466308	16.313	-2.16809	36.6715	0	4.42152	-2.74748	68.6433	0	-4.9754	4.62428e-044	4.62428e-044											-1.11061	30.4417	-1.11061	30.4417	-1.11061	30.4417	-1.11061	30.4417	-1.11061	30.4417	-1.11061	30.4417	-1.11061	30.4417											-1.11061	22.9417	-1.11061	22.9417	-1.11061	22.9417	-1.11061	22.9417	-1.11061	22.9417	-1.11061	22.9417	-1.11061	22.9417																																			507.286
summary of costs:	prob	cost
	0.000547	10309.6
NEPV EC$:		10309.6

end of stochastic simulation 24

	21.6231	23.895	28	29	0	28	2.9	26.6477	11.9631	22.4215	14.8748	14.4215	23.3748	14.4215	26.795	5.0246	29.1845	5.0246											-0.466308	28	-0.466308	28	-2.74748	55.2898	0	14.4215	-2.74748	78.6434	0	5.0246													-0.358389	16	-0.466308	16.313	-2.16809	36.6715	0	4.42152	-2.74748	68.6433	0	-4.9754													-1.11061	30.4417	-1.11061	30.4417	-1.11061	30.4417	-1.11061	30.4417	-1.11061	30.4417	-1.11061	30.4417													-1.11061	22.9417	-1.11061	22.9417	-1.11061	22.9417	-1.11061	22.9417	-1.11061	22.9417	-1.11061	22.9417																																					523.081	1	1	121	0.959361	21.83	24.44	12	9.87559	23.3949	14.7566	14.7463	15.2247	14.4215	24.0225	12.642	2	9.87559	23.3949	14.7566	14.7463	8.97341	10.7791	1.07552	1.61162	60.877	65.1185	3.76948	4.61836	1.90736	2.37691	49.6923	60.5609	12.3158	15.7951	123.158	34.7924	2.46317	1266.07	0.974187	935.219	3.43735	10309.6
	21.6231	23.895	28	29	0	28	2.9	26.6477	8.19952	24.1765	11.3795	18.542	14.8748	14.4215	23.3748	14.4215	26.795	5.0246	29.1845	5.0246									-0.466308	28	-0.466308	28	-1.77188	38.7051	-1.17884	31.9566	0	14.4215	-2.74748	78.6434	0	5.0246											-0.358389	16	-0.466308	16.313	-2.16809	36.6715	0	4.42152	-2.74748	68.6433	0	-4.9754	4.62428e-044	4.62428e-044											-1.11061	30.4417	-1.11061	30.4417	-1.11061	30.4417	-1.11061	30.4417	-1.11061	30.4417	-1.11061	30.4417	-1.11061	30.4417											-1.11061	22.9417	-1.11061	22.9417	-1.11061	22.9417	-1.11061	22.9417	-1.11061	22.9417	-1.11061	22.9417	-1.11061	22.9417																																			507.286
summary of costs:	prob	cost
	0.000547	10309.6
NEPV EC$:		10309.6

end of stochastic simulation 25

	21.6231	23.895	28	29	0	28	2.9	26.6477	11.9631	22.4215	14.8748	14.4215	23.3748	14.4215	26.795	5.0246	29.1845	5.0246											-0.466308	28	-0.466308	28	-2.74748	55.2898	0	14.4215	-2.74748	78.6434	0	5.0246													-0.358389	16	-0.466308	16.313	-2.16809	36.6715	0	4.42152	-2.74748	68.6433	0	-4.9754													-1.11061	30.4417	-1.11061	30.4417	-1.11061	30.4417	-1.11061	30.4417	-1.11061	30.4417	-1.11061	30.4417													-1.11061	22.9417	-1.11061	22.9417	-1.11061	22.9417	-1.11061	22.9417	-1.11061	22.9417	-1.11061	22.9417																																					523.081	1	1	121	0.990888	21.83	24.44	12	9.87559	23.3949	14.7566	14.7463	15.2247	14.4215	24.0225	12.642	2	9.87559	23.3949	14.7566	14.7463	8.97341	10.7791	1.07552	1.61162	60.877	65.1185	3.76948	4.61836	1.90736	2.37691	49.6923	60.5609	12.3158	15.7951	123.158	34.7924	2.46317	1266.07	0.974187	935.219	3.43735	10309.6
	21.6231	23.895	28	29	0	28	2.9	26.6477	8.19952	24.1765	11.3795	18.542	14.8748	14.4215	23.3748	14.4215	26.795	5.0246	29.1845	5.0246									-0.466308	28	-0.466308	28	-1.77188	38.7051	-1.17884	31.9566	0	14.4215	-2.74748	78.6434	0	5.0246											-0.358389	16	-0.466308	16.313	-2.16809	36.6715	0	4.42152	-2.74748	68.6433	0	-4.9754	4.62428e-044	4.62428e-044											-1.11061	30.4417	-1.11061	30.4417	-1.11061	30.4417	-1.11061	30.4417	-1.11061	30.4417	-1.11061	30.4417	-1.11061	30.4417											-1.11061	22.9417	-1.11061	22.9417	-1.11061	22.9417	-1.11061	22.9417	-1.11061	22.9417	-1.11061	22.9417	-1.11061	22.9417																																			507.286
summary of costs:	prob	cost
	0.000547	10309.6
NEPV EC$:		10309.6

end of stochastic simulation 26

	21.6231	23.895	28	29	0	28	2.9	26.6477	11.9631	22.4215	14.8748	14.4215	23.3748	14.4215	26.795	5.0246	29.1845	5.0246											-0.466308	28	-0.466308	28	-2.74748	55.2898	0	14.4215	-2.74748	78.6434	0	5.0246													-0.358389	16	-0.466308	16.313	-2.16809	36.6715	0	4.42152	-2.74748	68.6433	0	-4.9754													-1.11061	30.4417	-1.11061	30.4417	-1.11061	30.4417	-1.11061	30.4417	-1.11061	30.4417	-1.11061	30.4417													-1.11061	22.9417	-1.11061	22.9417	-1.11061	22.9417	-1.11061	22.9417	-1.11061	22.9417	-1.11061	22.9417																																					523.081
summary of costs:	prob	cost
NEPV EC$:		0

end of stochastic simulation 27

	21.6231	23.895	28	29	0	28	2.9	26.6477	11.9631	22.4215	14.8748	14.4215	23.3748	14.4215	26.795	5.0246	29.1845	5.0246											-0.466308	28	-0.466308	28	-2.74748	55.2898	0	14.4215	-2.74748	78.6434	0	5.0246													-0.358389	16	-0.466308	16.313	-2.16809	36.6715	0	4.42152	-2.74748	68.6433	0	-4.9754													-1.11061	30.4417	-1.11061	30.4417	-1.11061	30.4417	-1.11061	30.4417	-1.11061	30.4417	-1.11061	30.4417													-1.11061	22.9417	-1.11061	22.9417	-1.11061	22.9417	-1.11061	22.9417	-1.11061	22.9417	-1.11061	22.9417																																					523.081
summary of costs:	prob	cost
NEPV EC$:		0

end of stochastic simulation 28

	21.6231	23.895	28	29	0	28	2.9	26.6477	11.9631	22.4215	14.8748	14.4215	23.3748	14.4215	26.795	5.0246	29.1845	5.0246											-0.466308	28	-0.466308	28	-2.74748	55.2898	0	14.4215	-2.74748	78.6434	0	5.0246													-0.358389	16	-0.466308	16.313	-2.16809	36.6715	0	4.42152	-2.74748	68.6433	0	-4.9754													-1.11061	30.4417	-1.11061	30.4417	-1.11061	30.4417	-1.11061	30.4417	-1.11061	30.4417	-1.11061	30.4417													-1.11061	22.9417	-1.11061	22.9417	-1.11061	22.9417	-1.11061	22.9417	-1.11061	22.9417	-1.11061	22.9417																																					523.081	1	1	185	0.988107	21.83	24.44	12	9.87559	23.3949	14.7566	14.7463	15.2247	14.4215	24.0225	12.642	2	9.87559	23.3949	14.7566	14.7463	8.97341	10.7791	1.07552	1.61162	60.877	65.1185	3.76948	4.61836	1.90736	2.37691	49.6923	60.5609	12.3158	15.7951	123.158	34.7924	2.46317	1266.07	0.974187	935.219	3.43735	10309.6
	21.6231	23.895	28	29	0	28	2.9	26.6477	8.19952	24.1765	11.3795	18.542	14.8748	14.4215	23.3748	14.4215	26.795	5.0246	29.1845	5.0246									-0.466308	28	-0.466308	28	-1.77188	38.7051	-1.17884	31.9566	0	14.4215	-2.74748	78.6434	0	5.0246											-0.358389	16	-0.466308	16.313	-2.16809	36.6715	0	4.42152	-2.74748	68.6433	0	-4.9754	4.62428e-044	4.62428e-044											-1.11061	30.4417	-1.11061	30.4417	-1.11061	30.4417	-1.11061	30.4417	-1.11061	30.4417	-1.11061	30.4417	-1.11061	30.4417											-1.11061	22.9417	-1.11061	22.9417	-1.11061	22.9417	-1.11061	22.9417	-1.11061	22.9417	-1.11061	22.9417	-1.11061	22.9417																																			507.286
summary of costs:	prob	cost
	0.000547	10309.6
NEPV EC$:		10309.6

end of stochastic simulation 29
